<?xml version="1.0" encoding="UTF-8"?>
<!-- Generated by org.testng.reporters.JUnitXMLReporter -->
<testsuite hostname="CPI-Darren" ignored="4" name="Test" tests="3" failures="0" timestamp="24 Mar 2018 06:59:15 GMT" time="0.053" errors="0">
  <testcase name="test" time="0.006" classname="com.geniisys.automation.TestNG2"/>
  <testcase name="test2" time="0.004" classname="com.geniisys.automation.TestNG2"/>
  <testcase name="Test3" time="0.002" classname="com.geniisys.automation.TestNG3"/>
  <testcase name="@BeforeSuite beforeSuite" time="0.0" classname="com.geniisys.automation.TestNG">
    <ignored/>
  </testcase> <!-- @BeforeSuite beforeSuite -->
  <testcase name="@BeforeTest beforeTest" time="0.0" classname="com.geniisys.automation.TestNG">
    <ignored/>
  </testcase> <!-- @BeforeTest beforeTest -->
  <testcase name="@AfterSuite afterSuite" time="0.0" classname="com.geniisys.automation.TestNG">
    <ignored/>
  </testcase> <!-- @AfterSuite afterSuite -->
  <testcase name="@AfterTest afterTest" time="0.0" classname="com.geniisys.automation.TestNG">
    <ignored/>
  </testcase> <!-- @AfterTest afterTest -->
</testsuite> <!-- Test -->
