<?xml version="1.0" encoding="UTF-8"?>
<!-- Generated by org.testng.reporters.JUnitXMLReporter -->
<testsuite hostname="CPI-Darren" ignored="1" name="Underwriting" tests="1" failures="0" timestamp="23 Mar 2018 09:59:37 GMT" time="0.039" errors="0">
  <testcase name="test" time="0.017" classname="com.geniisys.automation.LoggerTest"/>
  <testcase name="parCreation" time="0.0" classname="com.geniisys.automation.ParCreationTest">
    <ignored/>
  </testcase> <!-- parCreation -->
</testsuite> <!-- Underwriting -->
